This is pdfTeX, Version 3.14159265-2.6-1.40.16 (TeX Live 2015/Debian) (preloaded format=pdflatex 2017.3.10)  10 MAR 2017 20:50
entering extended mode
 restricted \write18 enabled.
 %&-line parsing enabled.
**ml_a2.tex
(./ml_a2.tex
LaTeX2e <2016/02/01>
Babel <3.9q> and hyphenation patterns for 81 language(s) loaded.
(/usr/share/texlive/texmf-dist/tex/latex/base/article.cls
Document Class: article 2014/09/29 v1.4h Standard LaTeX document class
(/usr/share/texlive/texmf-dist/tex/latex/base/size12.clo
File: size12.clo 2014/09/29 v1.4h Standard LaTeX file (size option)
)
\c@part=\count79
\c@section=\count80
\c@subsection=\count81
\c@subsubsection=\count82
\c@paragraph=\count83
\c@subparagraph=\count84
\c@figure=\count85
\c@table=\count86
\abovecaptionskip=\skip41
\belowcaptionskip=\skip42
\bibindent=\dimen102
)
(/usr/share/texlive/texmf-dist/tex/latex/fancyhdr/fancyhdr.sty
\fancy@headwidth=\skip43
\f@ncyO@elh=\skip44
\f@ncyO@erh=\skip45
\f@ncyO@olh=\skip46
\f@ncyO@orh=\skip47
\f@ncyO@elf=\skip48
\f@ncyO@erf=\skip49
\f@ncyO@olf=\skip50
\f@ncyO@orf=\skip51
)
(/usr/share/texlive/texmf-dist/tex/latex/lastpage/lastpage.sty
Package: lastpage 2015/03/29 v1.2m Refers to last page's name (HMM; JPG)
)
(/usr/share/texlive/texmf-dist/tex/latex/fancyhdr/extramarks.sty
\@temptokenb=\toks14
)
(/usr/share/texlive/texmf-dist/tex/latex/graphics/color.sty
Package: color 2016/01/03 v1.1b Standard LaTeX Color (DPC)

(/usr/share/texlive/texmf-dist/tex/latex/latexconfig/color.cfg
File: color.cfg 2007/01/18 v1.5 color configuration of teTeX/TeXLive
)
Package color Info: Driver file: pdftex.def on input line 143.

(/usr/share/texlive/texmf-dist/tex/latex/pdftex-def/pdftex.def
File: pdftex.def 2011/05/27 v0.06d Graphics/color for pdfTeX

(/usr/share/texlive/texmf-dist/tex/generic/oberdiek/infwarerr.sty
Package: infwarerr 2010/04/08 v1.3 Providing info/warning/error messages (HO)
)
(/usr/share/texlive/texmf-dist/tex/generic/oberdiek/ltxcmds.sty
Package: ltxcmds 2011/11/09 v1.22 LaTeX kernel commands for general use (HO)
)
\Gread@gobject=\count87
)
(/usr/share/texlive/texmf-dist/tex/latex/graphics/dvipsnam.def
File: dvipsnam.def 2015/12/30 v3.0k Driver-dependent file (DPC,SPQR)
))
(/usr/share/texlive/texmf-dist/tex/latex/graphics/graphicx.sty
Package: graphicx 2014/10/28 v1.0g Enhanced LaTeX Graphics (DPC,SPQR)

(/usr/share/texlive/texmf-dist/tex/latex/graphics/keyval.sty
Package: keyval 2014/10/28 v1.15 key=value parser (DPC)
\KV@toks@=\toks15
)
(/usr/share/texlive/texmf-dist/tex/latex/graphics/graphics.sty
Package: graphics 2016/01/03 v1.0q Standard LaTeX Graphics (DPC,SPQR)

(/usr/share/texlive/texmf-dist/tex/latex/graphics/trig.sty
Package: trig 2016/01/03 v1.10 sin cos tan (DPC)
)
(/usr/share/texlive/texmf-dist/tex/latex/latexconfig/graphics.cfg
File: graphics.cfg 2010/04/23 v1.9 graphics configuration of TeX Live
)
Package graphics Info: Driver file: pdftex.def on input line 95.
)
\Gin@req@height=\dimen103
\Gin@req@width=\dimen104
)
(/usr/share/texlive/texmf-dist/tex/latex/listings/listings.sty
\lst@mode=\count88
\lst@gtempboxa=\box26
\lst@token=\toks16
\lst@length=\count89
\lst@currlwidth=\dimen105
\lst@column=\count90
\lst@pos=\count91
\lst@lostspace=\dimen106
\lst@width=\dimen107
\lst@newlines=\count92
\lst@lineno=\count93
\lst@maxwidth=\dimen108

(/usr/share/texlive/texmf-dist/tex/latex/listings/lstmisc.sty
File: lstmisc.sty 2015/06/04 1.6 (Carsten Heinz)
\c@lstnumber=\count94
\lst@skipnumbers=\count95
\lst@framebox=\box27
)
(/usr/share/texlive/texmf-dist/tex/latex/listings/listings.cfg
File: listings.cfg 2015/06/04 1.6 listings configuration
))
Package: listings 2015/06/04 1.6 (Carsten Heinz)

(/usr/share/texlive/texmf-dist/tex/latex/psnfss/courier.sty
Package: courier 2005/04/12 PSNFSS-v9.2a (WaS) 
)
(/usr/share/texlive/texmf-dist/tex/latex/lipsum/lipsum.sty
Package: lipsum 2014/07/27 v1.3 150 paragraphs of Lorem Ipsum dummy text
\c@lips@count=\count96
)
(/usr/share/texlive/texmf-dist/tex/latex/amsmath/amsmath.sty
Package: amsmath 2016/03/03 v2.15a AMS math features
\@mathmargin=\skip52

For additional information on amsmath, use the `?' option.
(/usr/share/texlive/texmf-dist/tex/latex/amsmath/amstext.sty
Package: amstext 2000/06/29 v2.01 AMS text

(/usr/share/texlive/texmf-dist/tex/latex/amsmath/amsgen.sty
File: amsgen.sty 1999/11/30 v2.0 generic functions
\@emptytoks=\toks17
\ex@=\dimen109
))
(/usr/share/texlive/texmf-dist/tex/latex/amsmath/amsbsy.sty
Package: amsbsy 1999/11/29 v1.2d Bold Symbols
\pmbraise@=\dimen110
)
(/usr/share/texlive/texmf-dist/tex/latex/amsmath/amsopn.sty
Package: amsopn 1999/12/14 v2.01 operator names
)
\inf@bad=\count97
LaTeX Info: Redefining \frac on input line 199.
\uproot@=\count98
\leftroot@=\count99
LaTeX Info: Redefining \overline on input line 297.
\classnum@=\count100
\DOTSCASE@=\count101
LaTeX Info: Redefining \ldots on input line 394.
LaTeX Info: Redefining \dots on input line 397.
LaTeX Info: Redefining \cdots on input line 518.
\Mathstrutbox@=\box28
\strutbox@=\box29
\big@size=\dimen111
LaTeX Font Info:    Redeclaring font encoding OML on input line 630.
LaTeX Font Info:    Redeclaring font encoding OMS on input line 631.
\macc@depth=\count102
\c@MaxMatrixCols=\count103
\dotsspace@=\muskip10
\c@parentequation=\count104
\dspbrk@lvl=\count105
\tag@help=\toks18
\row@=\count106
\column@=\count107
\maxfields@=\count108
\andhelp@=\toks19
\eqnshift@=\dimen112
\alignsep@=\dimen113
\tagshift@=\dimen114
\tagwidth@=\dimen115
\totwidth@=\dimen116
\lineht@=\dimen117
\@envbody=\toks20
\multlinegap=\skip53
\multlinetaggap=\skip54
\mathdisplay@stack=\toks21
LaTeX Info: Redefining \[ on input line 2735.
LaTeX Info: Redefining \] on input line 2736.
)
(/usr/share/texlive/texmf-dist/tex/latex/caption/caption.sty
Package: caption 2016/02/21 v3.3-144 Customizing captions (AR)

(/usr/share/texlive/texmf-dist/tex/latex/caption/caption3.sty
Package: caption3 2016/02/04 v1.7-139 caption3 kernel (AR)
Package caption3 Info: TeX engine: e-TeX on input line 67.
\captionmargin=\dimen118
\captionmargin@=\dimen119
\captionwidth=\dimen120
\caption@tempdima=\dimen121
\caption@indent=\dimen122
\caption@parindent=\dimen123
\caption@hangindent=\dimen124
)
\c@ContinuedFloat=\count109
Package caption Info: listings package is loaded.
)
(/usr/share/texlive/texmf-dist/tex/latex/multirow/multirow.sty
\bigstrutjot=\dimen125
)
(/usr/share/texlive/texmf-dist/tex/latex/amsfonts/amssymb.sty
Package: amssymb 2013/01/14 v3.01 AMS font symbols

(/usr/share/texlive/texmf-dist/tex/latex/amsfonts/amsfonts.sty
Package: amsfonts 2013/01/14 v3.01 Basic AMSFonts support
\symAMSa=\mathgroup4
\symAMSb=\mathgroup5
LaTeX Font Info:    Overwriting math alphabet `\mathfrak' in version `bold'
(Font)                  U/euf/m/n --> U/euf/b/n on input line 106.
))
(/usr/share/texlive/texmf-dist/tex/latex/caption/subcaption.sty
Package: subcaption 2016/02/20 v1.1-142 Sub-captions (AR)
\c@subfigure=\count110
\c@subtable=\count111
)
(/usr/share/texlive/texmf-dist/tex/latex/algorithms/algorithm.sty
Package: algorithm 2009/08/24 v0.1 Document Style `algorithm' - floating enviro
nment

(/usr/share/texlive/texmf-dist/tex/latex/float/float.sty
Package: float 2001/11/08 v1.3d Float enhancements (AL)
\c@float@type=\count112
\float@exts=\toks22
\float@box=\box30
\@float@everytoks=\toks23
\@floatcapt=\box31
)
(/usr/share/texlive/texmf-dist/tex/latex/base/ifthen.sty
Package: ifthen 2014/09/29 v1.1c Standard LaTeX ifthen package (DPC)
)
\@float@every@algorithm=\toks24
\c@algorithm=\count113
)
(/usr/share/texlive/texmf-dist/tex/latex/algorithmicx/algpseudocode.sty
Package: algpseudocode 

(/usr/share/texlive/texmf-dist/tex/latex/algorithmicx/algorithmicx.sty
Package: algorithmicx 2005/04/27 v1.2 Algorithmicx

Document Style algorithmicx 1.2 - a greatly improved `algorithmic' style
\c@ALG@line=\count114
\c@ALG@rem=\count115
\c@ALG@nested=\count116
\ALG@tlm=\skip55
\ALG@thistlm=\skip56
\c@ALG@Lnr=\count117
\c@ALG@blocknr=\count118
\c@ALG@storecount=\count119
\c@ALG@tmpcounter=\count120
\ALG@tmplength=\skip57
)
Document Style - pseudocode environments for use with the `algorithmicx' style
) (/usr/share/texlive/texmf-dist/tex/latex/xcolor/xcolor.sty
Package: xcolor 2007/01/21 v2.11 LaTeX color extensions (UK)

(/usr/share/texlive/texmf-dist/tex/latex/latexconfig/color.cfg
File: color.cfg 2007/01/18 v1.5 color configuration of teTeX/TeXLive
)
Package xcolor Info: Driver file: pdftex.def on input line 225.
LaTeX Info: Redefining \color on input line 702.
Package xcolor Info: Model `cmy' substituted by `cmy0' on input line 1337.
Package xcolor Info: Model `hsb' substituted by `rgb' on input line 1341.
Package xcolor Info: Model `RGB' extended on input line 1353.
Package xcolor Info: Model `HTML' substituted by `rgb' on input line 1355.
Package xcolor Info: Model `Hsb' substituted by `hsb' on input line 1356.
Package xcolor Info: Model `tHsb' substituted by `hsb' on input line 1357.
Package xcolor Info: Model `HSB' substituted by `hsb' on input line 1358.
Package xcolor Info: Model `Gray' substituted by `gray' on input line 1359.
Package xcolor Info: Model `wave' substituted by `hsb' on input line 1360.

(/usr/share/texlive/texmf-dist/tex/latex/graphics/dvipsnam.def
File: dvipsnam.def 2015/12/30 v3.0k Driver-dependent file (DPC,SPQR)
))
\c@homeworkProblemCounter=\count121
 (./ml_a2.aux)
\openout1 = `ml_a2.aux'.

LaTeX Font Info:    Checking defaults for OML/cmm/m/it on input line 118.
LaTeX Font Info:    ... okay on input line 118.
LaTeX Font Info:    Checking defaults for T1/cmr/m/n on input line 118.
LaTeX Font Info:    ... okay on input line 118.
LaTeX Font Info:    Checking defaults for OT1/cmr/m/n on input line 118.
LaTeX Font Info:    ... okay on input line 118.
LaTeX Font Info:    Checking defaults for OMS/cmsy/m/n on input line 118.
LaTeX Font Info:    ... okay on input line 118.
LaTeX Font Info:    Checking defaults for OMX/cmex/m/n on input line 118.
LaTeX Font Info:    ... okay on input line 118.
LaTeX Font Info:    Checking defaults for U/cmr/m/n on input line 118.
LaTeX Font Info:    ... okay on input line 118.
Package lastpage Info: Please have a look at the pageslts package at
(lastpage)             https://www.ctan.org/pkg/pageslts
(lastpage)             ! on input line 118.

(/usr/share/texlive/texmf-dist/tex/context/base/supp-pdf.mkii
[Loading MPS to PDF converter (version 2006.09.02).]
\scratchcounter=\count122
\scratchdimen=\dimen126
\scratchbox=\box32
\nofMPsegments=\count123
\nofMParguments=\count124
\everyMPshowfont=\toks25
\MPscratchCnt=\count125
\MPscratchDim=\dimen127
\MPnumerator=\count126
\makeMPintoPDFobject=\count127
\everyMPtoPDFconversion=\toks26
) (/usr/share/texlive/texmf-dist/tex/generic/oberdiek/pdftexcmds.sty
Package: pdftexcmds 2011/11/29 v0.20 Utility functions of pdfTeX for LuaTeX (HO
)

(/usr/share/texlive/texmf-dist/tex/generic/oberdiek/ifluatex.sty
Package: ifluatex 2010/03/01 v1.3 Provides the ifluatex switch (HO)
Package ifluatex Info: LuaTeX not detected.
)
(/usr/share/texlive/texmf-dist/tex/generic/oberdiek/ifpdf.sty
Package: ifpdf 2011/01/30 v2.3 Provides the ifpdf switch (HO)
Package ifpdf Info: pdfTeX in PDF mode is detected.
)
Package pdftexcmds Info: LuaTeX not detected.
Package pdftexcmds Info: \pdf@primitive is available.
Package pdftexcmds Info: \pdf@ifprimitive is available.
Package pdftexcmds Info: \pdfdraftmode found.
)
(/usr/share/texlive/texmf-dist/tex/latex/oberdiek/epstopdf-base.sty
Package: epstopdf-base 2010/02/09 v2.5 Base part for package epstopdf

(/usr/share/texlive/texmf-dist/tex/latex/oberdiek/grfext.sty
Package: grfext 2010/08/19 v1.1 Manage graphics extensions (HO)

(/usr/share/texlive/texmf-dist/tex/generic/oberdiek/kvdefinekeys.sty
Package: kvdefinekeys 2011/04/07 v1.3 Define keys (HO)
))
(/usr/share/texlive/texmf-dist/tex/latex/oberdiek/kvoptions.sty
Package: kvoptions 2011/06/30 v3.11 Key value format for package options (HO)

(/usr/share/texlive/texmf-dist/tex/generic/oberdiek/kvsetkeys.sty
Package: kvsetkeys 2012/04/25 v1.16 Key value parser (HO)

(/usr/share/texlive/texmf-dist/tex/generic/oberdiek/etexcmds.sty
Package: etexcmds 2011/02/16 v1.5 Avoid name clashes with e-TeX commands (HO)
Package etexcmds Info: Could not find \expanded.
(etexcmds)             That can mean that you are not using pdfTeX 1.50 or
(etexcmds)             that some package has redefined \expanded.
(etexcmds)             In the latter case, load this package earlier.
)))
Package grfext Info: Graphics extension search list:
(grfext)             [.png,.pdf,.jpg,.mps,.jpeg,.jbig2,.jb2,.PNG,.PDF,.JPG,.JPE
G,.JBIG2,.JB2,.eps]
(grfext)             \AppendGraphicsExtensions on input line 452.

(/usr/share/texlive/texmf-dist/tex/latex/latexconfig/epstopdf-sys.cfg
File: epstopdf-sys.cfg 2010/07/13 v1.3 Configuration of (r)epstopdf for TeX Liv
e
))
\c@lstlisting=\count128
Package caption Info: Begin \AtBeginDocument code.
Package caption Info: float package is loaded.
Package caption Info: End \AtBeginDocument code.
LaTeX Font Info:    Try loading font information for U+msa on input line 120.

(/usr/share/texlive/texmf-dist/tex/latex/amsfonts/umsa.fd
File: umsa.fd 2013/01/14 v3.01 AMS symbols A
)
LaTeX Font Info:    Try loading font information for U+msb on input line 120.

(/usr/share/texlive/texmf-dist/tex/latex/amsfonts/umsb.fd
File: umsb.fd 2013/01/14 v3.01 AMS symbols B
) [1

{/var/lib/texmf/fonts/map/pdftex/updmap/pdftex.map}]
<../hw2-code-data/hw2-code-data/Problem1/plot/1a.png, id=9, 578.16pt x 433.62pt
>
File: ../hw2-code-data/hw2-code-data/Problem1/plot/1a.png Graphic file (type pn
g)
 <use ../hw2-code-data/hw2-code-data/Problem1/plot/1a.png>
Package pdftex.def Info: ../hw2-code-data/hw2-code-data/Problem1/plot/1a.png us
ed on input line 134.
(pdftex.def)             Requested size: 455.24408pt x 341.43124pt.
 [2

 <../hw2-code-data/hw2-code-data/Problem1/plot/1a.png (PNG copy)>]
<../hw2-code-data/hw2-code-data/Problem1/plot/1b_linear.png, id=16, 578.16pt x 
433.62pt>
File: ../hw2-code-data/hw2-code-data/Problem1/plot/1b_linear.png Graphic file (
type png)
 <use ../hw2-code-data/hw2-code-data/Problem1/plot/1b_linear.png>
Package pdftex.def Info: ../hw2-code-data/hw2-code-data/Problem1/plot/1b_linear
.png used on input line 163.
(pdftex.def)             Requested size: 211.3883pt x 158.53795pt.

<../hw2-code-data/hw2-code-data/Problem1/plot/1b_linear_best.png, id=17, 414.04
688pt x 293.59688pt>
File: ../hw2-code-data/hw2-code-data/Problem1/plot/1b_linear_best.png Graphic f
ile (type png)

<use ../hw2-code-data/hw2-code-data/Problem1/plot/1b_linear_best.png>
Package pdftex.def Info: ../hw2-code-data/hw2-code-data/Problem1/plot/1b_linear
_best.png used on input line 168.
(pdftex.def)             Requested size: 234.87749pt x 166.55452pt.
 [3 <../hw2-code-data/hw2-code-data/Problem1/plot/1b_linear.png (PNG copy)> <..
/hw2-code-data/hw2-code-data/Problem1/plot/1b_linear_best.png (PNG copy)>]
<../hw2-code-data/hw2-code-data/Problem1/plot/1b_pdeg2.png, id=21, 578.16pt x 4
33.62pt>
File: ../hw2-code-data/hw2-code-data/Problem1/plot/1b_pdeg2.png Graphic file (t
ype png)
 <use ../hw2-code-data/hw2-code-data/Problem1/plot/1b_pdeg2.png>
Package pdftex.def Info: ../hw2-code-data/hw2-code-data/Problem1/plot/1b_pdeg2.
png used on input line 203.
(pdftex.def)             Requested size: 211.3883pt x 158.53795pt.

<../hw2-code-data/hw2-code-data/Problem1/plot/1b_pdeg2_best.png, id=22, 429.103
12pt x 338.76563pt>
File: ../hw2-code-data/hw2-code-data/Problem1/plot/1b_pdeg2_best.png Graphic fi
le (type png)

<use ../hw2-code-data/hw2-code-data/Problem1/plot/1b_pdeg2_best.png>
Package pdftex.def Info: ../hw2-code-data/hw2-code-data/Problem1/plot/1b_pdeg2_
best.png used on input line 208.
(pdftex.def)             Requested size: 234.87749pt x 185.43257pt.
 [4 <../hw2-code-data/hw2-code-data/Problem1/plot/1b_pdeg2.png (PNG copy)> <../
hw2-code-data/hw2-code-data/Problem1/plot/1b_pdeg2_best.png (PNG copy)>]
<../hw2-code-data/hw2-code-data/Problem1/plot/1b_pdeg3.png, id=26, 578.16pt x 4
33.62pt>
File: ../hw2-code-data/hw2-code-data/Problem1/plot/1b_pdeg3.png Graphic file (t
ype png)
 <use ../hw2-code-data/hw2-code-data/Problem1/plot/1b_pdeg3.png>
Package pdftex.def Info: ../hw2-code-data/hw2-code-data/Problem1/plot/1b_pdeg3.
png used on input line 241.
(pdftex.def)             Requested size: 211.3883pt x 158.53795pt.

<../hw2-code-data/hw2-code-data/Problem1/plot/1b_pdeg3_best.png, id=27, 429.103
12pt x 338.76563pt>
File: ../hw2-code-data/hw2-code-data/Problem1/plot/1b_pdeg3_best.png Graphic fi
le (type png)

<use ../hw2-code-data/hw2-code-data/Problem1/plot/1b_pdeg3_best.png>
Package pdftex.def Info: ../hw2-code-data/hw2-code-data/Problem1/plot/1b_pdeg3_
best.png used on input line 246.
(pdftex.def)             Requested size: 234.87749pt x 185.43257pt.
 [5 <../hw2-code-data/hw2-code-data/Problem1/plot/1b_pdeg3.png (PNG copy)> <../
hw2-code-data/hw2-code-data/Problem1/plot/1b_pdeg3_best.png (PNG copy)>]
<../hw2-code-data/hw2-code-data/Problem1/plot/1b_rbf_train.png, id=31, 578.16pt
 x 433.62pt>
File: ../hw2-code-data/hw2-code-data/Problem1/plot/1b_rbf_train.png Graphic fil
e (type png)

<use ../hw2-code-data/hw2-code-data/Problem1/plot/1b_rbf_train.png>
Package pdftex.def Info: ../hw2-code-data/hw2-code-data/Problem1/plot/1b_rbf_tr
ain.png used on input line 278.
(pdftex.def)             Requested size: 211.3883pt x 158.53795pt.

<../hw2-code-data/hw2-code-data/Problem1/plot/1b_rbf_test.png, id=32, 578.16pt 
x 433.62pt>
File: ../hw2-code-data/hw2-code-data/Problem1/plot/1b_rbf_test.png Graphic file
 (type png)
 <use ../hw2-code-data/hw2-code-data/Problem1/plot/1b_rbf_test.png>
Package pdftex.def Info: ../hw2-code-data/hw2-code-data/Problem1/plot/1b_rbf_te
st.png used on input line 283.
(pdftex.def)             Requested size: 234.87749pt x 176.15768pt.

<../hw2-code-data/hw2-code-data/Problem1/plot/1b_rbf_best.png, id=33, 429.10312
pt x 338.76563pt>
File: ../hw2-code-data/hw2-code-data/Problem1/plot/1b_rbf_best.png Graphic file
 (type png)

<use ../hw2-code-data/hw2-code-data/Problem1/plot/1b_rbf_best.png>
Package pdftex.def Info: ../hw2-code-data/hw2-code-data/Problem1/plot/1b_rbf_be
st.png used on input line 326.
(pdftex.def)             Requested size: 455.24408pt x 359.40515pt.


LaTeX Warning: `h' float specifier changed to `ht'.

[6 <../hw2-code-data/hw2-code-data/Problem1/plot/1b_rbf_train.png (PNG copy)> <
../hw2-code-data/hw2-code-data/Problem1/plot/1b_rbf_test.png (PNG copy)>]
[7 <../hw2-code-data/hw2-code-data/Problem1/plot/1b_rbf_best.png (PNG copy)>]
<../hw2-code-data/hw2-code-data/Problem2/plot/2d_avg_error.png, id=41, 421.575p
t x 316.18124pt>
File: ../hw2-code-data/hw2-code-data/Problem2/plot/2d_avg_error.png Graphic fil
e (type png)

<use ../hw2-code-data/hw2-code-data/Problem2/plot/2d_avg_error.png>
Package pdftex.def Info: ../hw2-code-data/hw2-code-data/Problem2/plot/2d_avg_er
ror.png used on input line 401.
(pdftex.def)             Requested size: 270.30118pt x 202.72679pt.


LaTeX Warning: `h' float specifier changed to `ht'.

[8] [9 <../hw2-code-data/hw2-code-data/Problem2/plot/2d_avg_error.png (PNG copy
)>]
<../hw2-code-data/hw2-code-data/Problem2/plot/2e_avg_error.png, id=48, 421.575p
t x 316.18124pt>
File: ../hw2-code-data/hw2-code-data/Problem2/plot/2e_avg_error.png Graphic fil
e (type png)

<use ../hw2-code-data/hw2-code-data/Problem2/plot/2e_avg_error.png>
Package pdftex.def Info: ../hw2-code-data/hw2-code-data/Problem2/plot/2e_avg_er
ror.png used on input line 479.
(pdftex.def)             Requested size: 241.84842pt x 181.38788pt.
 [10 <../hw2-code-data/hw2-code-data/Problem2/plot/2e_avg_error.png (PNG copy)>
] [11]
<../hw2-code-data/hw2-code-data/Problem3/plot/3b.png, id=55, 414.04688pt x 293.
59688pt>
File: ../hw2-code-data/hw2-code-data/Problem3/plot/3b.png Graphic file (type pn
g)
 <use ../hw2-code-data/hw2-code-data/Problem3/plot/3b.png>
Package pdftex.def Info: ../hw2-code-data/hw2-code-data/Problem3/plot/3b.png us
ed on input line 547.
(pdftex.def)             Requested size: 241.84842pt x 171.49588pt.
 [12 <../hw2-code-data/hw2-code-data/Problem3/plot/3b.png (PNG copy)>] [13]
<../hw2-code-data/hw2-code-data/Problem3/plot/3c.png, id=63, 421.575pt x 316.18
124pt>
File: ../hw2-code-data/hw2-code-data/Problem3/plot/3c.png Graphic file (type pn
g)
 <use ../hw2-code-data/hw2-code-data/Problem3/plot/3c.png>
Package pdftex.def Info: ../hw2-code-data/hw2-code-data/Problem3/plot/3c.png us
ed on input line 624.
(pdftex.def)             Requested size: 241.84842pt x 181.38788pt.
 [14 <../hw2-code-data/hw2-code-data/Problem3/plot/3c.png (PNG copy)>] [15]
<../hw2-code-data/hw2-code-data/Problem4/plot/4a_plot.png, id=70, 429.10312pt x
 338.76563pt>
File: ../hw2-code-data/hw2-code-data/Problem4/plot/4a_plot.png Graphic file (ty
pe png)
 <use ../hw2-code-data/hw2-code-data/Problem4/plot/4a_plot.png>
Package pdftex.def Info: ../hw2-code-data/hw2-code-data/Problem4/plot/4a_plot.p
ng used on input line 675.
(pdftex.def)             Requested size: 241.84842pt x 190.93253pt.

<../hw2-code-data/hw2-code-data/Problem4/plot/4c_plot.png, id=71, 429.10312pt x
 338.76563pt>
File: ../hw2-code-data/hw2-code-data/Problem4/plot/4c_plot.png Graphic file (ty
pe png)
 <use ../hw2-code-data/hw2-code-data/Problem4/plot/4c_plot.png>
Package pdftex.def Info: ../hw2-code-data/hw2-code-data/Problem4/plot/4c_plot.p
ng used on input line 684.
(pdftex.def)             Requested size: 241.84842pt x 190.93253pt.

[16 <../hw2-code-data/hw2-code-data/Problem4/plot/4a_plot.png (PNG copy)> <../h
w2-code-data/hw2-code-data/Problem4/plot/4c_plot.png (PNG copy)>]

AED: lastpage setting LastPage
[17] (./ml_a2.aux) ) 
Here is how much of TeX's memory you used:
 6460 strings out of 493029
 96229 string characters out of 6136234
 271586 words of memory out of 5000000
 9873 multiletter control sequences out of 15000+600000
 13709 words of font info for 52 fonts, out of 8000000 for 9000
 1141 hyphenation exceptions out of 8191
 38i,11n,43p,408b,494s stack positions out of 5000i,500n,10000p,200000b,80000s
</usr/share/texlive/texmf-dist/fonts/type1/public/amsfonts/
cm/cmbx12.pfb></usr/share/texlive/texmf-dist/fonts/type1/public/amsfonts/cm/cmm
i12.pfb></usr/share/texlive/texmf-dist/fonts/type1/public/amsfonts/cm/cmr10.pfb
></usr/share/texlive/texmf-dist/fonts/type1/public/amsfonts/cm/cmr12.pfb></usr/
share/texlive/texmf-dist/fonts/type1/public/amsfonts/cm/cmsl12.pfb></usr/share/
texlive/texmf-dist/fonts/type1/public/amsfonts/cm/cmti12.pfb>
Output written on ml_a2.pdf (17 pages, 697252 bytes).
PDF statistics:
 99 PDF objects out of 1000 (max. 8388607)
 57 compressed objects within 1 object stream
 0 named destinations out of 1000 (max. 500000)
 81 words of extra memory for PDF output out of 10000 (max. 10000000)

